TN:
SF:server/routes.ts
FN:15,sendProgress
FN:21,registerRoutes
FN:26,(anonymous_2)
FN:39,(anonymous_3)
FN:44,(anonymous_4)
FN:53,(anonymous_5)
FN:56,(anonymous_6)
FN:120,(anonymous_7)
FN:127,(anonymous_8)
FN:130,(anonymous_9)
FNF:10
FNH:10
FNDA:34,sendProgress
FNDA:13,registerRoutes
FNDA:2,(anonymous_2)
FNDA:1,(anonymous_3)
FNDA:6,(anonymous_4)
FNDA:1,(anonymous_5)
FNDA:1,(anonymous_6)
FNDA:5,(anonymous_7)
FNDA:1,(anonymous_8)
FNDA:1,(anonymous_9)
DA:13,1
DA:16,34
DA:17,22
DA:26,13
DA:27,2
DA:29,2
DA:30,2
DA:31,2
DA:32,2
DA:33,2
DA:35,2
DA:37,2
DA:39,2
DA:40,1
DA:44,13
DA:45,6
DA:46,6
DA:47,6
DA:48,6
DA:50,6
DA:51,6
DA:52,6
DA:53,1
DA:54,1
DA:56,1
DA:60,5
DA:61,5
DA:62,5
DA:64,6
DA:65,1
DA:68,4
DA:69,4
DA:70,4
DA:71,3
DA:73,3
DA:74,3
DA:75,3
DA:76,3
DA:78,3
DA:79,3
DA:81,3
DA:82,3
DA:83,3
DA:84,3
DA:86,6
DA:87,6
DA:88,3
DA:90,6
DA:91,6
DA:92,3
DA:94,6
DA:96,6
DA:106,6
DA:107,6
DA:108,6
DA:109,6
DA:111,6
DA:113,1
DA:114,1
DA:115,1
DA:116,1
DA:120,13
DA:121,5
DA:122,5
DA:124,5
DA:125,5
DA:126,5
DA:127,1
DA:128,1
DA:130,1
DA:134,4
DA:135,4
DA:136,5
DA:138,5
DA:140,3
DA:141,3
DA:143,3
DA:145,1
DA:146,1
DA:147,1
DA:151,13
LF:81
LH:81
BRDA:16,0,0,22
BRDA:16,0,1,12
BRDA:52,1,0,1
BRDA:52,1,1,5
BRDA:62,2,0,5
BRDA:62,2,1,3
BRDA:64,3,0,1
BRDA:64,3,1,5
BRDA:84,4,0,1
BRDA:84,4,1,2
BRDA:88,5,0,1
BRDA:88,5,1,2
BRDA:92,6,0,1
BRDA:92,6,1,2
BRDA:126,7,0,1
BRDA:126,7,1,4
BRDA:135,8,0,1
BRDA:135,8,1,3
BRDA:136,9,0,1
BRDA:136,9,1,3
BRDA:136,10,0,1
BRDA:136,10,1,3
BRF:22
BRH:22
end_of_record
TN:
SF:server/lib/cache.ts
FN:14,(anonymous_0)
FN:18,(anonymous_1)
FN:23,(anonymous_2)
FN:34,(anonymous_3)
FN:38,(anonymous_4)
FN:42,(anonymous_5)
FNF:6
FNH:6
FNDA:21,(anonymous_0)
FNDA:14,(anonymous_1)
FNDA:17,(anonymous_2)
FNDA:18,(anonymous_3)
FNDA:7,(anonymous_4)
FNDA:6,(anonymous_5)
DA:3,2
DA:11,21
DA:15,21
DA:19,14
DA:20,14
DA:24,17
DA:25,17
DA:26,7
DA:28,10
DA:29,3
DA:31,10
DA:35,18
DA:39,7
DA:43,6
DA:47,2
LF:15
LH:15
BRDA:14,0,0,21
BRDA:25,1,0,7
BRDA:25,1,1,10
BRDA:25,2,0,17
BRDA:25,2,1,10
BRDA:28,3,0,3
BRDA:28,3,1,7
BRF:7
BRH:7
end_of_record
TN:
SF:server/lib/caic.ts
FN:3,buildCAICUrl
FN:9,fetchCAICReports
FN:29,isValidDateFormat
FNF:3
FNH:3
FNDA:8,buildCAICUrl
FNDA:5,fetchCAICReports
FNDA:11,isValidDateFormat
DA:4,8
DA:5,8
DA:6,8
DA:10,5
DA:12,5
DA:13,5
DA:15,5
DA:16,5
DA:17,5
DA:19,5
DA:20,2
DA:21,2
DA:24,3
DA:25,3
DA:26,3
DA:30,11
LF:16
LH:16
BRDA:9,0,0,5
BRDA:19,1,0,2
BRDA:19,1,1,3
BRF:3
BRH:3
end_of_record
TN:
SF:server/lib/log.ts
FN:1,log
FN:12,formatLogTime
FNF:2
FNH:2
FNDA:3,log
FNDA:3,formatLogTime
DA:2,3
DA:9,3
DA:13,3
LF:3
LH:3
BRDA:1,0,0,3
BRF:1
BRH:1
end_of_record
TN:
SF:server/lib/processing.ts
FN:3,mapElevation
FN:48,mapAspect
FN:73,mapInstabilityLevel
FN:101,aggregateReports
FN:179,pushIfPresent
FN:184,extractComments
FN:190,collectTexts
FNF:7
FNH:7
FNDA:32,mapElevation
FNDA:31,mapAspect
FNDA:23,mapInstabilityLevel
FNDA:7,aggregateReports
FNDA:25,pushIfPresent
FNDA:14,extractComments
FNDA:7,collectTexts
DA:6,32
DA:8,24
DA:16,24
DA:23,9
DA:26,15
DA:33,8
DA:36,7
DA:42,5
DA:45,2
DA:51,31
DA:52,23
DA:54,23
DA:55,23
DA:56,70
DA:57,70
DA:58,13
DA:62,10
DA:63,10
DA:64,22
DA:65,22
DA:66,8
DA:70,2
DA:76,23
DA:77,20
DA:78,20
DA:79,16
DA:84,5
DA:85,11
DA:86,7
DA:91,3
DA:92,4
DA:97,3
DA:98,1
DA:102,7
DA:137,7
DA:139,10
DA:142,10
DA:143,4
DA:145,10
DA:147,10
DA:148,9
DA:149,9
DA:150,4
DA:153,9
DA:154,9
DA:155,4
DA:159,10
DA:160,2
DA:161,2
DA:163,2
DA:164,2
DA:167,10
DA:171,9
DA:172,9
DA:176,7
DA:180,25
DA:181,25
DA:185,14
DA:186,4
DA:195,7
DA:196,7
DA:197,7
DA:199,7
DA:200,7
DA:201,7
DA:202,7
DA:203,7
DA:204,7
DA:207,7
LF:69
LH:69
BRDA:6,0,0,8
BRDA:6,0,1,24
BRDA:16,1,0,9
BRDA:16,1,1,15
BRDA:17,2,0,24
BRDA:17,2,1,18
BRDA:17,2,2,18
BRDA:17,2,3,17
BRDA:17,2,4,16
BRDA:26,3,0,8
BRDA:26,3,1,7
BRDA:27,4,0,15
BRDA:27,4,1,10
BRDA:27,4,2,10
BRDA:27,4,3,9
BRDA:27,4,4,8
BRDA:36,5,0,5
BRDA:36,5,1,2
BRDA:37,6,0,7
BRDA:37,6,1,4
BRDA:37,6,2,3
BRDA:37,6,3,2
BRDA:51,7,0,8
BRDA:51,7,1,23
BRDA:57,8,0,13
BRDA:57,8,1,57
BRDA:57,9,0,70
BRDA:57,9,1,58
BRDA:65,10,0,8
BRDA:65,10,1,14
BRDA:65,11,0,22
BRDA:65,11,1,15
BRDA:76,12,0,3
BRDA:76,12,1,20
BRDA:78,13,0,4
BRDA:78,13,1,16
BRDA:78,14,0,20
BRDA:78,14,1,17
BRDA:78,14,2,16
BRDA:79,15,0,5
BRDA:79,15,1,11
BRDA:80,16,0,16
BRDA:80,16,1,13
BRDA:80,16,2,12
BRDA:85,17,0,4
BRDA:85,17,1,7
BRDA:85,18,0,11
BRDA:85,18,1,8
BRDA:86,19,0,3
BRDA:86,19,1,4
BRDA:87,20,0,7
BRDA:87,20,1,6
BRDA:87,20,2,5
BRDA:92,21,0,3
BRDA:92,21,1,1
BRDA:93,22,0,4
BRDA:93,22,1,3
BRDA:93,22,2,2
BRDA:139,23,0,10
BRDA:139,23,1,7
BRDA:139,23,2,6
BRDA:142,24,0,4
BRDA:142,24,1,6
BRDA:147,25,0,10
BRDA:147,25,1,6
BRDA:149,26,0,4
BRDA:149,26,1,5
BRDA:154,27,0,4
BRDA:154,27,1,5
BRDA:159,28,0,10
BRDA:159,28,1,8
BRDA:167,29,0,9
BRDA:167,29,1,1
BRDA:168,30,0,10
BRDA:168,30,1,2
BRDA:181,31,0,9
BRDA:181,31,1,16
BRDA:185,32,0,14
BRDA:185,32,1,11
BRDA:200,33,0,7
BRDA:200,33,1,3
BRF:81
BRH:81
end_of_record
TN:
SF:server/lib/progress.ts
FN:8,(anonymous_0)
FN:11,(anonymous_1)
FN:15,(anonymous_2)
FN:19,(anonymous_3)
FN:26,(anonymous_4)
FN:30,(anonymous_5)
FNF:6
FNH:6
FNDA:13,(anonymous_0)
FNDA:10,(anonymous_1)
FNDA:3,(anonymous_2)
FNDA:3,(anonymous_3)
FNDA:4,(anonymous_4)
FNDA:4,(anonymous_5)
DA:9,13
DA:12,10
DA:16,3
DA:20,3
DA:21,3
DA:22,2
DA:27,4
DA:31,4
DA:35,1
LF:9
LH:9
BRDA:21,0,0,2
BRDA:21,0,1,1
BRF:2
BRH:2
end_of_record
TN:
SF:server/lib/static.ts
FN:5,getDistPath
FN:9,validateDistPath
FN:17,serveStatic
FN:23,(anonymous_3)
FNF:4
FNH:4
FNDA:6,getDistPath
FNDA:6,validateDistPath
FNDA:3,serveStatic
FNDA:1,(anonymous_3)
DA:6,6
DA:10,6
DA:11,3
DA:18,3
DA:19,3
DA:21,3
DA:23,3
DA:24,1
LF:8
LH:8
BRDA:10,0,0,3
BRDA:10,0,1,3
BRDA:17,1,0,3
BRF:3
BRH:3
end_of_record
TN:
SF:server/lib/storage.ts
FNF:0
FNH:0
DA:8,2
LF:1
LH:1
BRF:0
BRH:0
end_of_record
TN:
SF:server/lib/xai.ts
FN:5,createOpenAIClient
FN:17,synthesizeSummary
FN:78,chatWithContext
FNF:3
FNH:3
FNDA:1,createOpenAIClient
FNDA:6,synthesizeSummary
FNDA:5,chatWithContext
DA:6,1
DA:22,6
DA:24,6
DA:25,1
DA:26,1
DA:29,5
DA:30,5
DA:32,5
DA:37,5
DA:39,5
DA:40,5
DA:41,1
DA:42,1
DA:45,4
DA:46,4
DA:47,4
DA:49,4
DA:64,3
DA:65,3
DA:67,6
DA:69,6
DA:71,6
DA:73,1
DA:74,1
DA:84,5
DA:86,5
DA:87,5
DA:105,4
DA:107,1
DA:108,1
LF:30
LH:30
BRDA:8,0,0,1
BRDA:8,0,1,0
BRDA:24,1,0,1
BRDA:24,1,1,5
BRDA:40,2,0,1
BRDA:40,2,1,4
BRDA:65,3,0,3
BRDA:65,3,1,1
BRDA:105,4,0,4
BRDA:105,4,1,1
BRF:10
BRH:9
end_of_record
TN:
SF:shared/schema.ts
FNF:0
FNH:0
DA:4,2
DA:17,2
DA:24,2
DA:35,2
DA:39,2
DA:43,2
DA:64,2
DA:70,2
DA:81,2
DA:89,2
DA:105,2
DA:114,2
DA:124,2
DA:131,2
DA:137,2
DA:146,2
LF:16
LH:16
BRF:0
BRH:0
end_of_record
