TN:
SF:server/lib/cache.ts
FN:14,(anonymous_0)
FN:18,(anonymous_1)
FN:23,(anonymous_2)
FN:34,(anonymous_3)
FN:38,(anonymous_4)
FN:42,(anonymous_5)
FNF:6
FNH:6
FNDA:20,(anonymous_0)
FNDA:8,(anonymous_1)
FNDA:12,(anonymous_2)
FNDA:14,(anonymous_3)
FNDA:1,(anonymous_4)
FNDA:6,(anonymous_5)
DA:3,1
DA:11,20
DA:15,20
DA:19,8
DA:20,8
DA:24,12
DA:25,12
DA:26,6
DA:28,6
DA:29,3
DA:31,6
DA:35,14
DA:39,1
DA:43,6
DA:47,1
LF:15
LH:15
BRDA:14,0,0,20
BRDA:25,1,0,6
BRDA:25,1,1,6
BRDA:25,2,0,12
BRDA:25,2,1,9
BRDA:28,3,0,3
BRDA:28,3,1,3
BRF:7
BRH:7
end_of_record
TN:
SF:server/lib/processing.ts
FN:3,mapElevation
FN:29,mapAspect
FN:52,mapInstabilityLevel
FN:63,aggregateReports
FN:120,collectTexts
FNF:5
FNH:5
FNDA:32,mapElevation
FNDA:31,mapAspect
FNDA:23,mapInstabilityLevel
FNDA:7,aggregateReports
FNDA:7,collectTexts
DA:4,32
DA:6,24
DA:14,24
DA:15,9
DA:18,15
DA:19,8
DA:22,7
DA:23,5
DA:26,2
DA:30,31
DA:31,23
DA:33,23
DA:34,23
DA:35,70
DA:36,70
DA:37,13
DA:41,10
DA:42,10
DA:43,22
DA:44,22
DA:45,8
DA:49,2
DA:53,23
DA:54,20
DA:55,20
DA:56,16
DA:57,11
DA:58,7
DA:59,4
DA:60,1
DA:64,7
DA:84,7
DA:85,10
DA:86,10
DA:87,4
DA:89,10
DA:91,10
DA:92,9
DA:93,9
DA:94,4
DA:97,9
DA:98,9
DA:99,4
DA:103,10
DA:104,2
DA:105,2
DA:107,2
DA:108,2
DA:111,10
DA:112,9
DA:113,9
DA:117,7
DA:125,7
DA:126,7
DA:127,7
DA:129,7
DA:130,7
DA:131,7
DA:132,4
DA:135,7
DA:136,7
DA:137,1
DA:139,7
DA:140,3
DA:141,2
DA:145,7
DA:146,7
DA:147,1
DA:149,7
DA:150,1
DA:151,1
DA:156,7
LF:72
LH:72
BRDA:4,0,0,8
BRDA:4,0,1,24
BRDA:14,1,0,9
BRDA:14,1,1,15
BRDA:14,2,0,24
BRDA:14,2,1,18
BRDA:14,2,2,18
BRDA:14,2,3,17
BRDA:14,2,4,16
BRDA:18,3,0,8
BRDA:18,3,1,7
BRDA:18,4,0,15
BRDA:18,4,1,10
BRDA:18,4,2,10
BRDA:18,4,3,9
BRDA:18,4,4,8
BRDA:22,5,0,5
BRDA:22,5,1,2
BRDA:22,6,0,7
BRDA:22,6,1,4
BRDA:22,6,2,3
BRDA:22,6,3,2
BRDA:30,7,0,8
BRDA:30,7,1,23
BRDA:36,8,0,13
BRDA:36,8,1,57
BRDA:36,9,0,70
BRDA:36,9,1,58
BRDA:44,10,0,8
BRDA:44,10,1,14
BRDA:44,11,0,22
BRDA:44,11,1,15
BRDA:53,12,0,3
BRDA:53,12,1,20
BRDA:55,13,0,4
BRDA:55,13,1,16
BRDA:55,14,0,20
BRDA:55,14,1,17
BRDA:55,14,2,16
BRDA:56,15,0,5
BRDA:56,15,1,11
BRDA:56,16,0,16
BRDA:56,16,1,13
BRDA:56,16,2,12
BRDA:57,17,0,4
BRDA:57,17,1,7
BRDA:57,18,0,11
BRDA:57,18,1,8
BRDA:58,19,0,3
BRDA:58,19,1,4
BRDA:58,20,0,7
BRDA:58,20,1,6
BRDA:58,20,2,5
BRDA:59,21,0,3
BRDA:59,21,1,1
BRDA:59,22,0,4
BRDA:59,22,1,3
BRDA:59,22,2,2
BRDA:85,23,0,10
BRDA:85,23,1,7
BRDA:85,23,2,6
BRDA:86,24,0,4
BRDA:86,24,1,6
BRDA:91,25,0,10
BRDA:91,25,1,6
BRDA:93,26,0,4
BRDA:93,26,1,5
BRDA:98,27,0,4
BRDA:98,27,1,5
BRDA:103,28,0,10
BRDA:103,28,1,8
BRDA:111,29,0,9
BRDA:111,29,1,1
BRDA:111,30,0,10
BRDA:111,30,1,2
BRDA:130,31,0,7
BRDA:130,31,1,3
BRDA:131,32,0,4
BRDA:131,32,1,3
BRDA:131,33,0,7
BRDA:131,33,1,5
BRDA:136,34,0,1
BRDA:136,34,1,6
BRDA:136,35,0,7
BRDA:136,35,1,1
BRDA:139,36,0,7
BRDA:139,36,1,5
BRDA:140,37,0,2
BRDA:140,37,1,1
BRDA:140,38,0,3
BRDA:140,38,1,3
BRDA:146,39,0,1
BRDA:146,39,1,6
BRDA:146,40,0,7
BRDA:146,40,1,1
BRDA:149,41,0,7
BRDA:149,41,1,6
BRDA:150,42,0,1
BRDA:150,42,1,0
BRDA:150,43,0,1
BRDA:150,43,1,1
BRF:101
BRH:100
end_of_record
TN:
SF:server/lib/storage.ts
FN:7,(anonymous_0)
FNF:1
FNH:1
FNDA:2,(anonymous_0)
DA:12,1
LF:1
LH:1
BRF:0
BRH:0
end_of_record
